<?xml version="1.0" encoding="UTF-8"?>
<!-- Generated by org.testng.reporters.JUnitXMLReporter -->
<testsuite hostname="Alexanders-MacBook-Pro-2.local" ignored="2" name="Java_Yaroslavl" tests="3" failures="0" timestamp="27 Oct 2018 06:14:53 GMT" time="11.889" errors="0">
  <testcase name="@BeforeGroups testLoginThree" time="11.833" classname="_21_10_18.tests.VKTest">
    <failure type="org.openqa.selenium.NoSuchElementException" message="Unable to locate element: #fast_restore_phone
For documentation on this error, please visit: http://seleniumhq.org/exceptions/no_such_element.html
Build info: version: &amp;apos;3.14.0&amp;apos;, revision: &amp;apos;aacccce0&amp;apos;, time: &amp;apos;2018-08-02T20:19:58.91Z&amp;apos;
System info: host: &amp;apos;Alexanders-MacBook-Pro-2.local&amp;apos;, ip: &amp;apos;fe80:0:0:0:18c7:2613:9637:9aef%en0&amp;apos;, os.name: &amp;apos;Mac OS X&amp;apos;, os.arch: &amp;apos;x86_64&amp;apos;, os.version: &amp;apos;10.12.6&amp;apos;, java.version: &amp;apos;1.8.0_121&amp;apos;
Driver info: org.openqa.selenium.firefox.FirefoxDriver
Capabilities {acceptInsecureCerts: true, browserName: firefox, browserVersion: 57.0, javascriptEnabled: true, moz:accessibilityChecks: false, moz:geckodriverVersion: 0.23.0, moz:headless: false, moz:processID: 93115, moz:profile: /var/folders/mx/69xrsg991kg..., moz:webdriverClick: false, pageLoadStrategy: normal, platform: MAC, platformName: MAC, platformVersion: 16.7.0, rotatable: false, timeouts: {implicit: 0, pageLoad: 300000, script: 30000}}
Session ID: 9e52265c-ff0c-9a49-9307-5f6f1f0e0042
*** Element info: {Using=id, value=fast_restore_phone}">
      <![CDATA[org.openqa.selenium.NoSuchElementException: Unable to locate element: #fast_restore_phone
For documentation on this error, please visit: http://seleniumhq.org/exceptions/no_such_element.html
Build info: version: '3.14.0', revision: 'aacccce0', time: '2018-08-02T20:19:58.91Z'
System info: host: 'Alexanders-MacBook-Pro-2.local', ip: 'fe80:0:0:0:18c7:2613:9637:9aef%en0', os.name: 'Mac OS X', os.arch: 'x86_64', os.version: '10.12.6', java.version: '1.8.0_121'
Driver info: org.openqa.selenium.firefox.FirefoxDriver
Capabilities {acceptInsecureCerts: true, browserName: firefox, browserVersion: 57.0, javascriptEnabled: true, moz:accessibilityChecks: false, moz:geckodriverVersion: 0.23.0, moz:headless: false, moz:processID: 93115, moz:profile: /var/folders/mx/69xrsg991kg..., moz:webdriverClick: false, pageLoadStrategy: normal, platform: MAC, platformName: MAC, platformVersion: 16.7.0, rotatable: false, timeouts: {implicit: 0, pageLoad: 300000, script: 30000}}
Session ID: 9e52265c-ff0c-9a49-9307-5f6f1f0e0042
*** Element info: {Using=id, value=fast_restore_phone}
at org.openqa.selenium.remote.http.W3CHttpResponseCodec.createException(W3CHttpResponseCodec.java:187)
at org.openqa.selenium.remote.http.W3CHttpResponseCodec.decode(W3CHttpResponseCodec.java:122)
at org.openqa.selenium.remote.http.W3CHttpResponseCodec.decode(W3CHttpResponseCodec.java:49)
at org.openqa.selenium.remote.HttpCommandExecutor.execute(HttpCommandExecutor.java:158)
at org.openqa.selenium.remote.service.DriverCommandExecutor.execute(DriverCommandExecutor.java:83)
at org.openqa.selenium.remote.RemoteWebDriver.execute(RemoteWebDriver.java:548)
at org.openqa.selenium.remote.RemoteWebDriver.findElement(RemoteWebDriver.java:322)
at org.openqa.selenium.remote.RemoteWebDriver.findElementById(RemoteWebDriver.java:368)
at org.openqa.selenium.By$ById.findElement(By.java:188)
at org.openqa.selenium.remote.RemoteWebDriver.findElement(RemoteWebDriver.java:314)
at _21_10_18.tests.VKTest.testLoginThree(VKTest.java:55)
... Removed 33 stack frames]]>
    </failure>
  </testcase> <!-- @BeforeGroups testLoginThree -->
  <testcase name="@BeforeGroups testLoginTwo" time="0.0" classname="_21_10_18.tests.VKTest">
    <skipped/>
  </testcase> <!-- @BeforeGroups testLoginTwo -->
  <testcase name="@BeforeGroups testLoginThree" time="0.0" classname="_21_10_18.tests.VKTest">
    <skipped/>
  </testcase> <!-- @BeforeGroups testLoginThree -->
  <testcase name="@BeforeGroups testLoginThree" time="0.0" classname="_21_10_18.tests.VKTest">
    <skipped/>
  </testcase> <!-- @BeforeGroups testLoginThree -->
  <testcase name="testLoginOne" time="0.001" classname="_21_10_18.tests.VKTest">
    <skipped/>
  </testcase> <!-- testLoginOne -->
  <testcase name="testUnreadMessages" time="0.0" classname="_21_10_18.tests.VKTest">
    <skipped/>
  </testcase> <!-- testUnreadMessages -->
  <testcase name="verifyNumOfFriends" time="0.0" classname="_21_10_18.tests.VKTest">
    <skipped/>
  </testcase> <!-- verifyNumOfFriends -->
  <testcase name="@BeforeSuite setUp" time="0.0" classname="_21_10_18.tests.TestBase">
    <ignored/>
  </testcase> <!-- @BeforeSuite setUp -->
  <testcase name="testLogOut" time="0.0" classname="_21_10_18.tests.VKTest">
    <ignored/>
  </testcase> <!-- testLogOut -->
</testsuite> <!-- Java_Yaroslavl -->
